{"uid":"4fe1eb4332af4496","name":"fill the form -- @1.2 credentials","fullName":"form fill: fill the form","historyId":"0038240f508aa9bc70de3fb79ef8c46e","time":{"start":1727680016967,"stop":1727680033661,"duration":16694},"status":"failed","statusMessage":"AssertionError: Error message is wrong\n","statusTrace":"  File \"C:\\Users\\abhosage\\PycharmProjects\\Testing\\BDD_testing\\.venv\\Lib\\site-packages\\behave\\model.py\", line 1329, in run\n    match.run(runner.context)\n  File \"C:\\Users\\abhosage\\PycharmProjects\\Testing\\BDD_testing\\.venv\\Lib\\site-packages\\behave\\matchers.py\", line 98, in run\n    self.func(context, *args, **kwargs)\n  File \"features\\steps\\form_fill.py\", line 47, in steps_sucess\n    assert status is True, 'Error message is wrong'\n           ^^^^^^^^^^^^^^\n","flaky":false,"newFailed":false,"newBroken":false,"newPassed":false,"retriesCount":0,"retriesStatusChange":false,"beforeStages":[],"testStage":{"status":"failed","statusMessage":"AssertionError: Error message is wrong\n","statusTrace":"  File \"C:\\Users\\abhosage\\PycharmProjects\\Testing\\BDD_testing\\.venv\\Lib\\site-packages\\behave\\model.py\", line 1329, in run\n    match.run(runner.context)\n  File \"C:\\Users\\abhosage\\PycharmProjects\\Testing\\BDD_testing\\.venv\\Lib\\site-packages\\behave\\matchers.py\", line 98, in run\n    self.func(context, *args, **kwargs)\n  File \"features\\steps\\form_fill.py\", line 47, in steps_sucess\n    assert status is True, 'Error message is wrong'\n           ^^^^^^^^^^^^^^\n","steps":[{"name":"When all date for form fill given \"Tejashvini\", \"abc@.com\", \"Female\", \"01/01/2001\", \"abc@123\"","time":{"start":1727680023381,"stop":1727680027337,"duration":3956},"status":"passed","steps":[{"name":"Log INFO page opened","time":{"start":1727680024664,"stop":1727680024664,"duration":0},"status":"passed","steps":[],"attachments":[],"parameters":[],"shouldDisplayMessage":false,"attachmentsCount":0,"hasContent":false,"attachmentStep":false,"stepsCount":0},{"name":"Log INFO submit button clicked","time":{"start":1727680027337,"stop":1727680027337,"duration":0},"status":"passed","steps":[],"attachments":[],"parameters":[],"shouldDisplayMessage":false,"attachmentsCount":0,"hasContent":false,"attachmentStep":false,"stepsCount":0}],"attachments":[],"parameters":[],"shouldDisplayMessage":false,"attachmentsCount":0,"hasContent":true,"attachmentStep":false,"stepsCount":2},{"name":"Then sucess message appears","time":{"start":1727680027338,"stop":1727680032420,"duration":5082},"status":"failed","statusMessage":"AssertionError: Error message is wrong\n","statusTrace":"  File \"C:\\Users\\abhosage\\PycharmProjects\\Testing\\BDD_testing\\.venv\\Lib\\site-packages\\behave\\model.py\", line 1329, in run\n    match.run(runner.context)\n  File \"C:\\Users\\abhosage\\PycharmProjects\\Testing\\BDD_testing\\.venv\\Lib\\site-packages\\behave\\matchers.py\", line 98, in run\n    self.func(context, *args, **kwargs)\n  File \"features\\steps\\form_fill.py\", line 47, in steps_sucess\n    assert status is True, 'Error message is wrong'\n           ^^^^^^^^^^^^^^\n","steps":[{"name":"Log ERROR exception occured: Message: Unable to locate element: //div[@class='alert alert-success alert-dismissible']; For documentation on this error, please visit: https://www.selenium.dev/documentation/webdriver/troubleshooting/errors#no-such-element-exception\nStacktrace:\nRemoteError@chrome://remote/content/shared/RemoteError.sys.mjs:8:8\nWebDriverError@chrome://remote/content/shared/webdriver/Errors.sys.mjs:193:5\nNoSuchElementError@chrome://remote/content/shared/webdriver/Errors.sys.mjs:511:5\ndom.find/</<@chrome://remote/content/shared/DOM.sys.mjs:136:16\n","time":{"start":1727680032352,"stop":1727680032419,"duration":67},"status":"passed","steps":[],"attachments":[{"uid":"5c8608dc680942e6","name":"screenshot","source":"5c8608dc680942e6.png","type":"image/png","size":327120}],"parameters":[],"shouldDisplayMessage":false,"attachmentsCount":1,"hasContent":true,"attachmentStep":false,"stepsCount":0}],"attachments":[],"parameters":[],"shouldDisplayMessage":true,"attachmentsCount":1,"hasContent":true,"attachmentStep":false,"stepsCount":1}],"attachments":[],"parameters":[],"shouldDisplayMessage":false,"attachmentsCount":1,"hasContent":true,"attachmentStep":false,"stepsCount":5},"afterStages":[],"labels":[{"name":"severity","value":"normal"},{"name":"feature","value":"form fill"},{"name":"framework","value":"behave"},{"name":"language","value":"cpython3"},{"name":"resultFormat","value":"allure2"}],"parameters":[{"name":"dob","value":"01/01/2001"},{"name":"email","value":"abc@.com"},{"name":"firstname","value":"Tejashvini"},{"name":"gender","value":"Female"},{"name":"passw","value":"abc@123"}],"links":[],"hidden":true,"retry":true,"extra":{"categories":[],"tags":[]},"source":"4fe1eb4332af4496.json","parameterValues":["01/01/2001","abc@.com","Tejashvini","Female","abc@123"]}