{"uid":"5b95c2ed7c7cdacd","name":"fill the form -- @1.3 credentials","fullName":"form fill: fill the form","historyId":"13185a621fc09c4b12ef5c0d582f5906","time":{"start":1727680033664,"stop":1727680051009,"duration":17345},"status":"failed","statusMessage":"AssertionError: Error message is wrong\n","statusTrace":"  File \"C:\\Users\\abhosage\\PycharmProjects\\Testing\\BDD_testing\\.venv\\Lib\\site-packages\\behave\\model.py\", line 1329, in run\n    match.run(runner.context)\n  File \"C:\\Users\\abhosage\\PycharmProjects\\Testing\\BDD_testing\\.venv\\Lib\\site-packages\\behave\\matchers.py\", line 98, in run\n    self.func(context, *args, **kwargs)\n  File \"features\\steps\\form_fill.py\", line 47, in steps_sucess\n    assert status is True, 'Error message is wrong'\n           ^^^^^^^^^^^^^^\n","flaky":false,"newFailed":false,"newBroken":false,"newPassed":false,"retriesCount":0,"retriesStatusChange":false,"beforeStages":[],"testStage":{"status":"failed","statusMessage":"AssertionError: Error message is wrong\n","statusTrace":"  File \"C:\\Users\\abhosage\\PycharmProjects\\Testing\\BDD_testing\\.venv\\Lib\\site-packages\\behave\\model.py\", line 1329, in run\n    match.run(runner.context)\n  File \"C:\\Users\\abhosage\\PycharmProjects\\Testing\\BDD_testing\\.venv\\Lib\\site-packages\\behave\\matchers.py\", line 98, in run\n    self.func(context, *args, **kwargs)\n  File \"features\\steps\\form_fill.py\", line 47, in steps_sucess\n    assert status is True, 'Error message is wrong'\n           ^^^^^^^^^^^^^^\n","steps":[{"name":"When all date for form fill given \"prasad\", \"abc@.com\", \"Male\", \"01/01/2001\", \"abc@123\"","time":{"start":1727680040877,"stop":1727680044845,"duration":3968},"status":"passed","steps":[{"name":"Log INFO page opened","time":{"start":1727680042324,"stop":1727680042324,"duration":0},"status":"passed","steps":[],"attachments":[],"parameters":[],"shouldDisplayMessage":false,"attachmentsCount":0,"hasContent":false,"attachmentStep":false,"stepsCount":0},{"name":"Log INFO submit button clicked","time":{"start":1727680044845,"stop":1727680044845,"duration":0},"status":"passed","steps":[],"attachments":[],"parameters":[],"shouldDisplayMessage":false,"attachmentsCount":0,"hasContent":false,"attachmentStep":false,"stepsCount":0}],"attachments":[],"parameters":[],"shouldDisplayMessage":false,"attachmentsCount":0,"hasContent":true,"attachmentStep":false,"stepsCount":2},{"name":"Then sucess message appears","time":{"start":1727680044845,"stop":1727680049924,"duration":5079},"status":"failed","statusMessage":"AssertionError: Error message is wrong\n","statusTrace":"  File \"C:\\Users\\abhosage\\PycharmProjects\\Testing\\BDD_testing\\.venv\\Lib\\site-packages\\behave\\model.py\", line 1329, in run\n    match.run(runner.context)\n  File \"C:\\Users\\abhosage\\PycharmProjects\\Testing\\BDD_testing\\.venv\\Lib\\site-packages\\behave\\matchers.py\", line 98, in run\n    self.func(context, *args, **kwargs)\n  File \"features\\steps\\form_fill.py\", line 47, in steps_sucess\n    assert status is True, 'Error message is wrong'\n           ^^^^^^^^^^^^^^\n","steps":[{"name":"Log ERROR exception occured: Message: Unable to locate element: //div[@class='alert alert-success alert-dismissible']; For documentation on this error, please visit: https://www.selenium.dev/documentation/webdriver/troubleshooting/errors#no-such-element-exception\nStacktrace:\nRemoteError@chrome://remote/content/shared/RemoteError.sys.mjs:8:8\nWebDriverError@chrome://remote/content/shared/webdriver/Errors.sys.mjs:193:5\nNoSuchElementError@chrome://remote/content/shared/webdriver/Errors.sys.mjs:511:5\ndom.find/</<@chrome://remote/content/shared/DOM.sys.mjs:136:16\n","time":{"start":1727680049851,"stop":1727680049923,"duration":72},"status":"passed","steps":[],"attachments":[{"uid":"c7bcf0edf97b7d2e","name":"screenshot","source":"c7bcf0edf97b7d2e.png","type":"image/png","size":326834}],"parameters":[],"shouldDisplayMessage":false,"attachmentsCount":1,"hasContent":true,"attachmentStep":false,"stepsCount":0}],"attachments":[],"parameters":[],"shouldDisplayMessage":true,"attachmentsCount":1,"hasContent":true,"attachmentStep":false,"stepsCount":1}],"attachments":[],"parameters":[],"shouldDisplayMessage":false,"attachmentsCount":1,"hasContent":true,"attachmentStep":false,"stepsCount":5},"afterStages":[],"labels":[{"name":"severity","value":"normal"},{"name":"feature","value":"form fill"},{"name":"framework","value":"behave"},{"name":"language","value":"cpython3"},{"name":"resultFormat","value":"allure2"}],"parameters":[{"name":"dob","value":"01/01/2001"},{"name":"email","value":"abc@.com"},{"name":"firstname","value":"prasad"},{"name":"gender","value":"Male"},{"name":"passw","value":"abc@123"}],"links":[],"hidden":true,"retry":true,"extra":{"categories":[],"tags":[]},"source":"5b95c2ed7c7cdacd.json","parameterValues":["01/01/2001","abc@.com","prasad","Male","abc@123"]}